<?xml version="1.0" encoding="UTF-8"?>
<testng-results skipped="0" failed="0" ignored="0" total="0" passed="0">
  <reporter-output>
  </reporter-output>
  <suite name="techfios.com.Session5_3.AppTest" duration-ms="18" started-at="2020-09-17T20:25:19 CDT" finished-at="2020-09-17T20:25:19 CDT">
    <groups>
    </groups>
    <test name="Command line test" duration-ms="18" started-at="2020-09-17T20:25:19 CDT" finished-at="2020-09-17T20:25:19 CDT">
    </test> <!-- Command line test -->
  </suite> <!-- techfios.com.Session5_3.AppTest -->
</testng-results>
